0 info it worked if it ends with ok
1 verbose cli [ '/usr/local/bin/node',
1 verbose cli   '/usr/local/bin/npm',
1 verbose cli   'install',
1 verbose cli   'mocha',
1 verbose cli   '-g' ]
2 info using npm@2.11.3
3 info using node@v0.12.7
4 verbose install initial load of /usr/local/lib/package.json
5 verbose readDependencies loading dependencies from /usr/local/lib/package.json
6 silly cache add args [ 'mocha', null ]
7 verbose cache add spec mocha
8 silly cache add parsed spec { raw: 'mocha',
8 silly cache add   scope: null,
8 silly cache add   name: 'mocha',
8 silly cache add   rawSpec: '',
8 silly cache add   spec: '*',
8 silly cache add   type: 'range' }
9 silly addNamed mocha@*
10 verbose addNamed "*" is a valid semver range for mocha
11 silly addNameRange { name: 'mocha', range: '*', hasData: false }
12 silly mapToRegistry name mocha
13 silly mapToRegistry using default registry
14 silly mapToRegistry registry https://registry.npmjs.org/
15 silly mapToRegistry uri https://registry.npmjs.org/mocha
16 verbose addNameRange registry:https://registry.npmjs.org/mocha not in flight; fetching
17 verbose request uri https://registry.npmjs.org/mocha
18 verbose request no auth needed
19 info attempt registry request try #1 at 9:55:52 AM
20 verbose request id 9af9654e52442e50
21 verbose etag "6LA2OYTO5I0CHKF6V2HKIETAT"
22 http request GET https://registry.npmjs.org/mocha
23 http 200 https://registry.npmjs.org/mocha
24 silly get cb [ 200,
24 silly get   { server: 'CouchDB/1.6.1 (Erlang OTP/R16B03)',
24 silly get     etag: '"51Z66IT7I825US9VLN9ORJV12"',
24 silly get     'content-type': 'application/json',
24 silly get     'content-encoding': 'gzip',
24 silly get     'cache-control': 'max-age=300',
24 silly get     'content-length': '62113',
24 silly get     'accept-ranges': 'bytes',
24 silly get     date: 'Wed, 14 Sep 2016 16:55:53 GMT',
24 silly get     via: '1.1 varnish',
24 silly get     age: '0',
24 silly get     connection: 'keep-alive',
24 silly get     'x-served-by': 'cache-hkg6821-HKG',
24 silly get     'x-cache': 'HIT',
24 silly get     'x-cache-hits': '1',
24 silly get     'x-timer': 'S1473872152.781253,VS0,VE709',
24 silly get     vary: 'Accept-Encoding' } ]
25 verbose get saving mocha to /Users/SteveAndrewWong/.npm/registry.npmjs.org/mocha/.cache.json
26 silly addNameRange number 2 { name: 'mocha', range: '*', hasData: true }
27 silly addNameRange versions [ 'mocha',
27 silly addNameRange   [ '0.0.1-alpha1',
27 silly addNameRange     '0.0.1-alpha2',
27 silly addNameRange     '0.0.1-alpha3',
27 silly addNameRange     '0.0.1-alpha4',
27 silly addNameRange     '0.0.1-alpha5',
27 silly addNameRange     '0.0.1-alpha6',
27 silly addNameRange     '0.0.1',
27 silly addNameRange     '0.0.2',
27 silly addNameRange     '0.0.3',
27 silly addNameRange     '0.0.4',
27 silly addNameRange     '0.0.5',
27 silly addNameRange     '0.0.6',
27 silly addNameRange     '0.0.7',
27 silly addNameRange     '0.0.8',
27 silly addNameRange     '0.1.0',
27 silly addNameRange     '0.2.0',
27 silly addNameRange     '0.3.0',
27 silly addNameRange     '0.3.1',
27 silly addNameRange     '0.3.2',
27 silly addNameRange     '0.3.3',
27 silly addNameRange     '0.3.4',
27 silly addNameRange     '0.3.6',
27 silly addNameRange     '0.4.0',
27 silly addNameRange     '0.5.0',
27 silly addNameRange     '0.6.0',
27 silly addNameRange     '0.7.0',
27 silly addNameRange     '0.7.1',
27 silly addNameRange     '0.8.0',
27 silly addNameRange     '0.8.1',
27 silly addNameRange     '0.9.0',
27 silly addNameRange     '0.10.0',
27 silly addNameRange     '0.10.1',
27 silly addNameRange     '0.10.2',
27 silly addNameRange     '0.11.0',
27 silly addNameRange     '0.12.0',
27 silly addNameRange     '0.12.1',
27 silly addNameRange     '0.13.0',
27 silly addNameRange     '0.14.0',
27 silly addNameRange     '0.14.1',
27 silly addNameRange     '1.0.0',
27 silly addNameRange     '1.0.1',
27 silly addNameRange     '1.0.2',
27 silly addNameRange     '1.0.3',
27 silly addNameRange     '1.1.0',
27 silly addNameRange     '1.2.0',
27 silly addNameRange     '1.2.1',
27 silly addNameRange     '1.2.2',
27 silly addNameRange     '1.3.0',
27 silly addNameRange     '1.3.1',
27 silly addNameRange     '1.3.2',
27 silly addNameRange     '1.4.0',
27 silly addNameRange     '1.4.1',
27 silly addNameRange     '1.4.2',
27 silly addNameRange     '1.4.3',
27 silly addNameRange     '1.5.0',
27 silly addNameRange     '1.6.0',
27 silly addNameRange     '1.7.0',
27 silly addNameRange     '1.7.1',
27 silly addNameRange     '1.7.2',
27 silly addNameRange     '1.7.3',
27 silly addNameRange     '1.7.4',
27 silly addNameRange     '1.8.0',
27 silly addNameRange     '1.8.1',
27 silly addNameRange     '1.8.2',
27 silly addNameRange     '1.9.0',
27 silly addNameRange     '1.10.0',
27 silly addNameRange     '1.11.0',
27 silly addNameRange     '1.12.0',
27 silly addNameRange     '1.12.1',
27 silly addNameRange     '1.13.0',
27 silly addNameRange     '1.14.0',
27 silly addNameRange     '1.15.0',
27 silly addNameRange     '1.15.1',
27 silly addNameRange     '1.16.0',
27 silly addNameRange     '1.16.1',
27 silly addNameRange     '1.16.2',
27 silly addNameRange     '1.17.0',
27 silly addNameRange     '1.17.1',
27 silly addNameRange     '1.18.0',
27 silly addNameRange     '1.18.1',
27 silly addNameRange     '1.18.2',
27 silly addNameRange     '1.19.0',
27 silly addNameRange     '1.20.0',
27 silly addNameRange     '1.20.1',
27 silly addNameRange     '1.21.0',
27 silly addNameRange     '1.21.1',
27 silly addNameRange     '1.21.2',
27 silly addNameRange     '1.21.3',
27 silly addNameRange     '1.21.4',
27 silly addNameRange     '1.21.5',
27 silly addNameRange     '2.0.0',
27 silly addNameRange     '2.0.1',
27 silly addNameRange     '2.1.0',
27 silly addNameRange     '2.2.0',
27 silly addNameRange     '2.2.1',
27 silly addNameRange     '2.2.3',
27 silly addNameRange     '2.2.4',
27 silly addNameRange     '2.2.5',
27 silly addNameRange     '2.3.0',
27 silly addNameRange     '2.3.1',
27 silly addNameRange     '2.3.2',
27 silly addNameRange     '2.3.3',
27 silly addNameRange     '2.3.4',
27 silly addNameRange     '2.4.1',
27 silly addNameRange     '2.4.2',
27 silly addNameRange     '2.4.3',
27 silly addNameRange     '2.4.4',
27 silly addNameRange     '2.4.5',
27 silly addNameRange     '2.5.0',
27 silly addNameRange     '2.5.1',
27 silly addNameRange     '2.5.2',
27 silly addNameRange     '2.5.3',
27 silly addNameRange     '3.0.0-0',
27 silly addNameRange     '3.0.0-1',
27 silly addNameRange     '3.0.0-2',
27 silly addNameRange     '3.0.0',
27 silly addNameRange     '3.0.1',
27 silly addNameRange     '3.0.2' ] ]
28 silly addNamed mocha@3.0.2
29 verbose addNamed "3.0.2" is a plain semver version for mocha
30 silly mapToRegistry name mocha
31 silly mapToRegistry using default registry
32 silly mapToRegistry registry https://registry.npmjs.org/
33 silly mapToRegistry uri https://registry.npmjs.org/mocha
34 verbose addRemoteTarball https://registry.npmjs.org/mocha/-/mocha-3.0.2.tgz not in flight; adding
35 verbose addRemoteTarball [ 'https://registry.npmjs.org/mocha/-/mocha-3.0.2.tgz',
35 verbose addRemoteTarball   '63a97f3e18f4d3e659d47a617677d089874557f0' ]
36 info retry fetch attempt 1 at 9:55:53 AM
37 info attempt registry request try #1 at 9:55:53 AM
38 http fetch GET https://registry.npmjs.org/mocha/-/mocha-3.0.2.tgz
39 http fetch 200 https://registry.npmjs.org/mocha/-/mocha-3.0.2.tgz
40 silly fetchAndShaCheck shasum 63a97f3e18f4d3e659d47a617677d089874557f0
41 verbose addTmpTarball /var/folders/k6/06_r0pn14ld3jrwzk5f66gtw0000gn/T/npm-39882-9e4c6909/registry.npmjs.org/mocha/-/mocha-3.0.2.tgz not in flight; adding
42 verbose addTmpTarball already have metadata; skipping unpack for mocha@3.0.2
43 silly cache afterAdd mocha@3.0.2
44 verbose afterAdd /Users/SteveAndrewWong/.npm/mocha/3.0.2/package/package.json not in flight; writing
45 verbose afterAdd /Users/SteveAndrewWong/.npm/mocha/3.0.2/package/package.json written
46 silly install resolved [ { name: 'mocha',
46 silly install resolved     version: '3.0.2',
46 silly install resolved     description: 'simple, flexible, fun test framework',
46 silly install resolved     keywords: [ 'mocha', 'test', 'bdd', 'tdd', 'tap' ],
46 silly install resolved     author: { name: 'TJ Holowaychuk', email: 'tj@vision-media.ca' },
46 silly install resolved     contributors:
46 silly install resolved      [ [Object],
46 silly install resolved        [Object],
46 silly install resolved        [Object],
46 silly install resolved        [Object],
46 silly install resolved        [Object],
46 silly install resolved        [Object],
46 silly install resolved        [Object],
46 silly install resolved        [Object],
46 silly install resolved        [Object],
46 silly install resolved        [Object],
46 silly install resolved        [Object],
46 silly install resolved        [Object],
46 silly install resolved        [Object],
46 silly install resolved        [Object],
46 silly install resolved        [Object],
46 silly install resolved        [Object],
46 silly install resolved        [Object],
46 silly install resolved        [Object],
46 silly install resolved        [Object],
46 silly install resolved        [Object],
46 silly install resolved        [Object],
46 silly install resolved        [Object],
46 silly install resolved        [Object],
46 silly install resolved        [Object],
46 silly install resolved        [Object],
46 silly install resolved        [Object],
46 silly install resolved        [Object],
46 silly install resolved        [Object],
46 silly install resolved        [Object],
46 silly install resolved        [Object],
46 silly install resolved        [Object],
46 silly install resolved        [Object],
46 silly install resolved        [Object],
46 silly install resolved        [Object],
46 silly install resolved        [Object],
46 silly install resolved        [Object],
46 silly install resolved        [Object],
46 silly install resolved        [Object],
46 silly install resolved        [Object],
46 silly install resolved        [Object],
46 silly install resolved        [Object],
46 silly install resolved        [Object],
46 silly install resolved        [Object],
46 silly install resolved        [Object],
46 silly install resolved        [Object],
46 silly install resolved        [Object],
46 silly install resolved        [Object],
46 silly install resolved        [Object],
46 silly install resolved        [Object],
46 silly install resolved        [Object],
46 silly install resolved        [Object],
46 silly install resolved        [Object],
46 silly install resolved        [Object],
46 silly install resolved        [Object],
46 silly install resolved        [Object],
46 silly install resolved        [Object],
46 silly install resolved        [Object],
46 silly install resolved        [Object],
46 silly install resolved        [Object],
46 silly install resolved        [Object],
46 silly install resolved        [Object],
46 silly install resolved        [Object],
46 silly install resolved        [Object],
46 silly install resolved        [Object],
46 silly install resolved        [Object],
46 silly install resolved        [Object],
46 silly install resolved        [Object],
46 silly install resolved        [Object],
46 silly install resolved        [Object],
46 silly install resolved        [Object],
46 silly install resolved        [Object],
46 silly install resolved        [Object],
46 silly install resolved        [Object],
46 silly install resolved        [Object],
46 silly install resolved        [Object],
46 silly install resolved        [Object],
46 silly install resolved        [Object],
46 silly install resolved        [Object],
46 silly install resolved        [Object],
46 silly install resolved        [Object],
46 silly install resolved        [Object],
46 silly install resolved        [Object],
46 silly install resolved        [Object],
46 silly install resolved        [Object],
46 silly install resolved        [Object],
46 silly install resolved        [Object],
46 silly install resolved        [Object],
46 silly install resolved        [Object],
46 silly install resolved        [Object],
46 silly install resolved        [Object],
46 silly install resolved        [Object],
46 silly install resolved        [Object],
46 silly install resolved        [Object],
46 silly install resolved        [Object],
46 silly install resolved        [Object],
46 silly install resolved        [Object],
46 silly install resolved        [Object],
46 silly install resolved        [Object],
46 silly install resolved        [Object],
46 silly install resolved        [Object],
46 silly install resolved        [Object],
46 silly install resolved        [Object],
46 silly install resolved        [Object],
46 silly install resolved        [Object],
46 silly install resolved        [Object],
46 silly install resolved        [Object],
46 silly install resolved        [Object],
46 silly install resolved        [Object],
46 silly install resolved        [Object],
46 silly install resolved        [Object],
46 silly install resolved        [Object],
46 silly install resolved        [Object],
46 silly install resolved        [Object],
46 silly install resolved        [Object],
46 silly install resolved        [Object],
46 silly install resolved        [Object],
46 silly install resolved        [Object],
46 silly install resolved        [Object],
46 silly install resolved        [Object],
46 silly install resolved        [Object],
46 silly install resolved        [Object],
46 silly install resolved        [Object],
46 silly install resolved        [Object],
46 silly install resolved        [Object],
46 silly install resolved        [Object],
46 silly install resolved        [Object],
46 silly install resolved        [Object],
46 silly install resolved        [Object],
46 silly install resolved        [Object],
46 silly install resolved        [Object],
46 silly install resolved        [Object],
46 silly install resolved        [Object],
46 silly install resolved        [Object],
46 silly install resolved        [Object],
46 silly install resolved        [Object],
46 silly install resolved        [Object],
46 silly install resolved        [Object],
46 silly install resolved        [Object],
46 silly install resolved        [Object],
46 silly install resolved        [Object],
46 silly install resolved        [Object],
46 silly install resolved        [Object],
46 silly install resolved        [Object],
46 silly install resolved        [Object],
46 silly install resolved        [Object],
46 silly install resolved        [Object],
46 silly install resolved        [Object],
46 silly install resolved        [Object],
46 silly install resolved        [Object],
46 silly install resolved        [Object],
46 silly install resolved        [Object],
46 silly install resolved        [Object],
46 silly install resolved        [Object],
46 silly install resolved        [Object],
46 silly install resolved        [Object],
46 silly install resolved        [Object],
46 silly install resolved        [Object],
46 silly install resolved        [Object],
46 silly install resolved        [Object],
46 silly install resolved        [Object],
46 silly install resolved        [Object],
46 silly install resolved        [Object],
46 silly install resolved        [Object],
46 silly install resolved        [Object],
46 silly install resolved        [Object],
46 silly install resolved        [Object],
46 silly install resolved        [Object],
46 silly install resolved        [Object],
46 silly install resolved        [Object],
46 silly install resolved        [Object],
46 silly install resolved        [Object],
46 silly install resolved        [Object],
46 silly install resolved        [Object],
46 silly install resolved        [Object],
46 silly install resolved        [Object],
46 silly install resolved        [Object],
46 silly install resolved        [Object],
46 silly install resolved        [Object],
46 silly install resolved        [Object],
46 silly install resolved        [Object],
46 silly install resolved        [Object],
46 silly install resolved        [Object],
46 silly install resolved        [Object],
46 silly install resolved        [Object],
46 silly install resolved        [Object],
46 silly install resolved        [Object],
46 silly install resolved        [Object],
46 silly install resolved        [Object],
46 silly install resolved        [Object],
46 silly install resolved        [Object],
46 silly install resolved        [Object],
46 silly install resolved        [Object],
46 silly install resolved        [Object],
46 silly install resolved        [Object],
46 silly install resolved        [Object],
46 silly install resolved        [Object],
46 silly install resolved        [Object],
46 silly install resolved        [Object],
46 silly install resolved        [Object],
46 silly install resolved        [Object],
46 silly install resolved        [Object],
46 silly install resolved        [Object],
46 silly install resolved        [Object],
46 silly install resolved        [Object],
46 silly install resolved        [Object],
46 silly install resolved        [Object],
46 silly install resolved        [Object],
46 silly install resolved        [Object],
46 silly install resolved        [Object],
46 silly install resolved        [Object],
46 silly install resolved        [Object],
46 silly install resolved        [Object],
46 silly install resolved        [Object],
46 silly install resolved        [Object],
46 silly install resolved        [Object],
46 silly install resolved        [Object],
46 silly install resolved        [Object],
46 silly install resolved        [Object],
46 silly install resolved        [Object],
46 silly install resolved        [Object],
46 silly install resolved        [Object],
46 silly install resolved        [Object],
46 silly install resolved        [Object],
46 silly install resolved        [Object],
46 silly install resolved        [Object],
46 silly install resolved        [Object],
46 silly install resolved        [Object],
46 silly install resolved        [Object],
46 silly install resolved        [Object],
46 silly install resolved        [Object],
46 silly install resolved        [Object],
46 silly install resolved        [Object],
46 silly install resolved        [Object],
46 silly install resolved        [Object],
46 silly install resolved        [Object],
46 silly install resolved        [Object],
46 silly install resolved        [Object],
46 silly install resolved        [Object],
46 silly install resolved        [Object],
46 silly install resolved        [Object],
46 silly install resolved        [Object],
46 silly install resolved        [Object],
46 silly install resolved        [Object],
46 silly install resolved        [Object],
46 silly install resolved        [Object],
46 silly install resolved        [Object],
46 silly install resolved        [Object],
46 silly install resolved        [Object],
46 silly install resolved        [Object],
46 silly install resolved        [Object],
46 silly install resolved        [Object],
46 silly install resolved        [Object],
46 silly install resolved        [Object],
46 silly install resolved        [Object],
46 silly install resolved        [Object],
46 silly install resolved        [Object],
46 silly install resolved        [Object],
46 silly install resolved        [Object],
46 silly install resolved        [Object],
46 silly install resolved        [Object],
46 silly install resolved        [Object],
46 silly install resolved        [Object],
46 silly install resolved        [Object],
46 silly install resolved        [Object],
46 silly install resolved        [Object],
46 silly install resolved        [Object],
46 silly install resolved        [Object],
46 silly install resolved        [Object],
46 silly install resolved        [Object],
46 silly install resolved        [Object],
46 silly install resolved        [Object],
46 silly install resolved        [Object] ],
46 silly install resolved     license: 'MIT',
46 silly install resolved     repository: { type: 'git', url: 'git+https://github.com/mochajs/mocha.git' },
46 silly install resolved     bin: { mocha: './bin/mocha', _mocha: './bin/_mocha' },
46 silly install resolved     engines: { node: '>= 0.10.x', npm: '>= 1.4.x' },
46 silly install resolved     scripts: { test: 'make test' },
46 silly install resolved     dependencies:
46 silly install resolved      { 'browser-stdout': '1.3.0',
46 silly install resolved        commander: '2.9.0',
46 silly install resolved        debug: '2.2.0',
46 silly install resolved        diff: '1.4.0',
46 silly install resolved        'escape-string-regexp': '1.0.5',
46 silly install resolved        glob: '7.0.5',
46 silly install resolved        growl: '1.9.2',
46 silly install resolved        json3: '3.3.2',
46 silly install resolved        'lodash.create': '3.1.1',
46 silly install resolved        mkdirp: '0.5.1',
46 silly install resolved        'supports-color': '3.1.2' },
46 silly install resolved     devDependencies:
46 silly install resolved      { browserify: '^13.0.0',
46 silly install resolved        'coffee-script': '^1.10.0',
46 silly install resolved        eslint: '^2.13.1',
46 silly install resolved        'expect.js': '^0.3.1',
46 silly install resolved        karma: '^1.1.0',
46 silly install resolved        'karma-browserify': '^5.0.5',
46 silly install resolved        'karma-expect': '^1.1.2',
46 silly install resolved        'karma-no-mocha': '^2.0.0',
46 silly install resolved        'karma-phantomjs-launcher': '^0.2.3',
46 silly install resolved        'karma-sauce-launcher': '^1.0.0',
46 silly install resolved        'karma-spec-reporter': '0.0.26',
46 silly install resolved        phantomjs: '1.9.8',
46 silly install resolved        rimraf: '^2.5.2',
46 silly install resolved        should: '^9.0.2',
46 silly install resolved        through2: '^2.0.1',
46 silly install resolved        watchify: '^3.7.0' },
46 silly install resolved     files:
46 silly install resolved      [ 'bin',
46 silly install resolved        'images',
46 silly install resolved        'lib',
46 silly install resolved        'index.js',
46 silly install resolved        'mocha.css',
46 silly install resolved        'mocha.js',
46 silly install resolved        'browser-entry.js',
46 silly install resolved        'LICENSE',
46 silly install resolved        'bower.json' ],
46 silly install resolved     browser:
46 silly install resolved      { debug: './lib/browser/debug.js',
46 silly install resolved        events: './lib/browser/events.js',
46 silly install resolved        tty: './lib/browser/tty.js',
46 silly install resolved        './index.js': './browser-entry.js',
46 silly install resolved        fs: false,
46 silly install resolved        glob: false,
46 silly install resolved        path: false,
46 silly install resolved        'supports-color': false },
46 silly install resolved     homepage: 'https://mochajs.org',
46 silly install resolved     logo: 'https://cldup.com/S9uQ-cOLYz.svg',
46 silly install resolved     gitHead: '2a510800bd13f095ebea3b5ae6bf6e25206d8628',
46 silly install resolved     bugs: { url: 'https://github.com/mochajs/mocha/issues' },
46 silly install resolved     _id: 'mocha@3.0.2',
46 silly install resolved     _shasum: '63a97f3e18f4d3e659d47a617677d089874557f0',
46 silly install resolved     _from: 'mocha@*',
46 silly install resolved     _npmVersion: '3.10.3',
46 silly install resolved     _nodeVersion: '6.3.0',
46 silly install resolved     _npmUser: { name: 'boneskull', email: 'boneskull@boneskull.com' },
46 silly install resolved     dist:
46 silly install resolved      { shasum: '63a97f3e18f4d3e659d47a617677d089874557f0',
46 silly install resolved        tarball: 'https://registry.npmjs.org/mocha/-/mocha-3.0.2.tgz' },
46 silly install resolved     maintainers: [ [Object], [Object], [Object] ],
46 silly install resolved     _npmOperationalInternal:
46 silly install resolved      { host: 'packages-16-east.internal.npmjs.com',
46 silly install resolved        tmp: 'tmp/mocha-3.0.2.tgz_1470642036435_0.5651119237300009' },
46 silly install resolved     directories: {},
46 silly install resolved     _resolved: 'https://registry.npmjs.org/mocha/-/mocha-3.0.2.tgz' } ]
47 info install mocha@3.0.2 into /usr/local/lib
48 info installOne mocha@3.0.2
49 verbose installOne of mocha to /usr/local/lib not in flight; installing
50 verbose lock using /Users/SteveAndrewWong/.npm/_locks/mocha-1cb4102bb5230051.lock for /usr/local/lib/node_modules/mocha
51 silly install write writing mocha 3.0.2 to /usr/local/lib/node_modules/mocha
52 verbose unbuild lib/node_modules/mocha
53 silly gentlyRm /usr/local/lib/node_modules/mocha is being purged from base /usr/local
54 verbose gentlyRm don't care about contents; nuking /usr/local/lib/node_modules/mocha
55 verbose tar unpack /Users/SteveAndrewWong/.npm/mocha/3.0.2/package.tgz
56 verbose tar unpacking to /usr/local/lib/node_modules/mocha
57 silly gentlyRm /usr/local/lib/node_modules/mocha is being purged
58 verbose gentlyRm don't care about contents; nuking /usr/local/lib/node_modules/mocha
59 silly gunzTarPerm modes [ '755', '644' ]
60 error tar.unpack untar error /Users/SteveAndrewWong/.npm/mocha/3.0.2/package.tgz
61 verbose unlock done using /Users/SteveAndrewWong/.npm/_locks/mocha-1cb4102bb5230051.lock for /usr/local/lib/node_modules/mocha
62 verbose fstream_path /usr/local/lib/node_modules/mocha
63 verbose fstream_type Directory
64 verbose fstream_class DirWriter
65 verbose stack Error: EACCES, mkdir '/usr/local/lib/node_modules/mocha'
65 verbose stack     at Error (native)
66 verbose fstream_stack /usr/local/lib/node_modules/npm/node_modules/fstream/lib/dir-writer.js:35:25
66 verbose fstream_stack /usr/local/lib/node_modules/npm/node_modules/mkdirp/index.js:47:53
66 verbose fstream_stack FSReqWrap.oncomplete (fs.js:95:15)
67 verbose cwd /Users/SteveAndrewWong/Desktop/Psets/142/MEAN-edx/chapter-1/7-examples
68 error Darwin 14.5.0
69 error argv "/usr/local/bin/node" "/usr/local/bin/npm" "install" "mocha" "-g"
70 error node v0.12.7
71 error npm  v2.11.3
72 error path /usr/local/lib/node_modules/mocha
73 error code EACCES
74 error errno -13
75 error Error: EACCES, mkdir '/usr/local/lib/node_modules/mocha'
75 error     at Error (native)
75 error  { [Error: EACCES, mkdir '/usr/local/lib/node_modules/mocha']
75 error   errno: -13,
75 error   code: 'EACCES',
75 error   path: '/usr/local/lib/node_modules/mocha',
75 error   fstream_type: 'Directory',
75 error   fstream_path: '/usr/local/lib/node_modules/mocha',
75 error   fstream_class: 'DirWriter',
75 error   fstream_stack:
75 error    [ '/usr/local/lib/node_modules/npm/node_modules/fstream/lib/dir-writer.js:35:25',
75 error      '/usr/local/lib/node_modules/npm/node_modules/mkdirp/index.js:47:53',
75 error      'FSReqWrap.oncomplete (fs.js:95:15)' ] }
76 error Please try running this command again as root/Administrator.
77 verbose exit [ -13, true ]
78 verbose unbuild lib/node_modules/mocha
79 silly gentlyRm /usr/local/lib/node_modules/mocha is being purged from base /usr/local
80 verbose gentlyRm don't care about contents; nuking /usr/local/lib/node_modules/mocha
